<?xml version="1.0" encoding="UTF-8"?>
<testsuite xmlns:xsi="http://www.w3.org/2001/XMLSchema-instance" xsi:noNamespaceSchemaLocation="https://maven.apache.org/surefire/maven-surefire-plugin/xsd/surefire-test-report.xsd" name="RandomEsHasonlitTest" time="0.001" tests="6" errors="0" skipped="0" failures="0">
  <properties>
[...]
</properties>
  <testcase name="joSzinRosszHelyenTeszt" classname="RandomEsHasonlitTest" time="0"/>
  <testcase name="joSzinJoHelyenTeszt" classname="RandomEsHasonlitTest" time="0"/>
  <testcase name="getSetWinnerTeszt" classname="RandomEsHasonlitTest" time="0"/>
  <testcase name="getSetSzinKodTeszt" classname="RandomEsHasonlitTest" time="0"/>
  <testcase name="szinKodokTorleseTeszt" classname="RandomEsHasonlitTest" time="0"/>
  <testcase name="getSetSzinKodCopyTeszt" classname="RandomEsHasonlitTest" time="0.001"/>
</testsuite>